# JRE version: Java(TM) SE Runtime Environment (8.0_161-b12) (build 1.8.0_161-b12)
# Java VM: Java HotSpot(TM) 64-Bit Server VM (25.161-b12 mixed mode windows-amd64 compressed oops)
Heap:
 PSYoungGen      total 1368064K, used 1343488K [0x000000076b000000, 0x00000007c0000000, 0x00000007c0000000)
  eden space 1343488K, 100% used [0x000000076b000000,0x00000007bd000000,0x00000007bd000000)
  from space 24576K, 0% used [0x00000007be800000,0x00000007be800000,0x00000007c0000000)
  to   space 24576K, 0% used [0x00000007bd000000,0x00000007bd000000,0x00000007be800000)
 ParOldGen       total 2785280K, used 2784992K [0x00000006c1000000, 0x000000076b000000, 0x000000076b000000)
  object space 2785280K, 99% used [0x00000006c1000000,0x000000076afb82c8,0x000000076b000000)
 Metaspace       used 6039K, capacity 6160K, committed 6400K, reserved 1056768K
  class space    used 631K, capacity 692K, committed 768K, reserved 1048576K
GC Heap History (10 events):
Event: 354.274 GC heap after
Heap after GC invocations=736 (full 512):
 PSYoungGen      total 1368064K, used 1245478K [0x000000076b000000, 0x00000007c0000000, 0x00000007c0000000)
  eden space 1343488K, 92% used [0x000000076b000000,0x00000007b70498f8,0x00000007bd000000)
  from space 24576K, 0% used [0x00000007be800000,0x00000007be800000,0x00000007c0000000)
  to   space 24576K, 0% used [0x00000007bd000000,0x00000007bd000000,0x00000007be800000)
 ParOldGen       total 2785280K, used 2784992K [0x00000006c1000000, 0x000000076b000000, 0x000000076b000000)
  object space 2785280K, 99% used [0x00000006c1000000,0x000000076afb82c8,0x000000076b000000)
 Metaspace       used 6039K, capacity 6160K, committed 6400K, reserved 1056768K
  class space    used 631K, capacity 692K, committed 768K, reserved 1048576K
}
Event: 354.353 GC heap before
{Heap before GC invocations=737 (full 513):
 PSYoungGen      total 1368064K, used 1343488K [0x000000076b000000, 0x00000007c0000000, 0x00000007c0000000)
  eden space 1343488K, 100% used [0x000000076b000000,0x00000007bd000000,0x00000007bd000000)
  from space 24576K, 0% used [0x00000007be800000,0x00000007be800000,0x00000007c0000000)
  to   space 24576K, 0% used [0x00000007bd000000,0x00000007bd000000,0x00000007be800000)
 ParOldGen       total 2785280K, used 2784992K [0x00000006c1000000, 0x000000076b000000, 0x000000076b000000)
  object space 2785280K, 99% used [0x00000006c1000000,0x000000076afb82c8,0x000000076b000000)
 Metaspace       used 6039K, capacity 6160K, committed 6400K, reserved 1056768K
  class space    used 631K, capacity 692K, committed 768K, reserved 1048576K
Event: 354.738 GC heap after
Heap after GC invocations=737 (full 513):
 PSYoungGen      total 1368064K, used 1246879K [0x000000076b000000, 0x00000007c0000000, 0x00000007c0000000)
  eden space 1343488K, 92% used [0x000000076b000000,0x00000007b71a7d88,0x00000007bd000000)
  from space 24576K, 0% used [0x00000007be800000,0x00000007be800000,0x00000007c0000000)
  to   space 24576K, 0% used [0x00000007bd000000,0x00000007bd000000,0x00000007be800000)
 ParOldGen       total 2785280K, used 2784992K [0x00000006c1000000, 0x000000076b000000, 0x000000076b000000)
  object space 2785280K, 99% used [0x00000006c1000000,0x000000076afb82c8,0x000000076b000000)
 Metaspace       used 6039K, capacity 6160K, committed 6400K, reserved 1056768K
  class space    used 631K, capacity 692K, committed 768K, reserved 1048576K
}
Event: 354.794 GC heap before
{Heap before GC invocations=738 (full 514):
 PSYoungGen      total 1368064K, used 1343488K [0x000000076b000000, 0x00000007c0000000, 0x00000007c0000000)
  eden space 1343488K, 100% used [0x000000076b000000,0x00000007bd000000,0x00000007bd000000)
  from space 24576K, 0% used [0x00000007be800000,0x00000007be800000,0x00000007c0000000)
  to   space 24576K, 0% used [0x00000007bd000000,0x00000007bd000000,0x00000007be800000)
 ParOldGen       total 2785280K, used 2784992K [0x00000006c1000000, 0x000000076b000000, 0x000000076b000000)
  object space 2785280K, 99% used [0x00000006c1000000,0x000000076afb82c8,0x000000076b000000)
 Metaspace       used 6039K, capacity 6160K, committed 6400K, reserved 1056768K
  class space    used 631K, capacity 692K, committed 768K, reserved 1048576K
Event: 355.178 GC heap after
Heap after GC invocations=738 (full 514):
 PSYoungGen      total 1368064K, used 1248240K [0x000000076b000000, 0x00000007c0000000, 0x00000007c0000000)
  eden space 1343488K, 92% used [0x000000076b000000,0x00000007b72fc0b8,0x00000007bd000000)
  from space 24576K, 0% used [0x00000007be800000,0x00000007be800000,0x00000007c0000000)
  to   space 24576K, 0% used [0x00000007bd000000,0x00000007bd000000,0x00000007be800000)
 ParOldGen       total 2785280K, used 2784992K [0x00000006c1000000, 0x000000076b000000, 0x000000076b000000)
  object space 2785280K, 99% used [0x00000006c1000000,0x000000076afb82c8,0x000000076b000000)
 Metaspace       used 6039K, capacity 6160K, committed 6400K, reserved 1056768K
  class space    used 631K, capacity 692K, committed 768K, reserved 1048576K
}
Event: 355.232 GC heap before
{Heap before GC invocations=739 (full 515):
 PSYoungGen      total 1368064K, used 1343488K [0x000000076b000000, 0x00000007c0000000, 0x00000007c0000000)
  eden space 1343488K, 100% used [0x000000076b000000,0x00000007bd000000,0x00000007bd000000)
  from space 24576K, 0% used [0x00000007be800000,0x00000007be800000,0x00000007c0000000)
  to   space 24576K, 0% used [0x00000007bd000000,0x00000007bd000000,0x00000007be800000)
 ParOldGen       total 2785280K, used 2784992K [0x00000006c1000000, 0x000000076b000000, 0x000000076b000000)
  object space 2785280K, 99% used [0x00000006c1000000,0x000000076afb82c8,0x000000076b000000)
 Metaspace       used 6039K, capacity 6160K, committed 6400K, reserved 1056768K
  class space    used 631K, capacity 692K, committed 768K, reserved 1048576K
Event: 355.601 GC heap after
Heap after GC invocations=739 (full 515):
 PSYoungGen      total 1368064K, used 1249585K [0x000000076b000000, 0x00000007c0000000, 0x00000007c0000000)
  eden space 1343488K, 93% used [0x000000076b000000,0x00000007b744c6e8,0x00000007bd000000)
  from space 24576K, 0% used [0x00000007be800000,0x00000007be800000,0x00000007c0000000)
  to   space 24576K, 0% used [0x00000007bd000000,0x00000007bd000000,0x00000007be800000)
 ParOldGen       total 2785280K, used 2784992K [0x00000006c1000000, 0x000000076b000000, 0x000000076b000000)
  object space 2785280K, 99% used [0x00000006c1000000,0x000000076afb82c8,0x000000076b000000)
 Metaspace       used 6039K, capacity 6160K, committed 6400K, reserved 1056768K
  class space    used 631K, capacity 692K, committed 768K, reserved 1048576K
}
Event: 355.657 GC heap before
{Heap before GC invocations=740 (full 516):
 PSYoungGen      total 1368064K, used 1343488K [0x000000076b000000, 0x00000007c0000000, 0x00000007c0000000)
  eden space 1343488K, 100% used [0x000000076b000000,0x00000007bd000000,0x00000007bd000000)
  from space 24576K, 0% used [0x00000007be800000,0x00000007be800000,0x00000007c0000000)
  to   space 24576K, 0% used [0x00000007bd000000,0x00000007bd000000,0x00000007be800000)
 ParOldGen       total 2785280K, used 2784992K [0x00000006c1000000, 0x000000076b000000, 0x000000076b000000)
  object space 2785280K, 99% used [0x00000006c1000000,0x000000076afb82c8,0x000000076b000000)
 Metaspace       used 6039K, capacity 6160K, committed 6400K, reserved 1056768K
  class space    used 631K, capacity 692K, committed 768K, reserved 1048576K
Event: 356.026 GC heap after
Heap after GC invocations=740 (full 516):
 PSYoungGen      total 1368064K, used 1250946K [0x000000076b000000, 0x00000007c0000000, 0x00000007c0000000)
  eden space 1343488K, 93% used [0x000000076b000000,0x00000007b75a0878,0x00000007bd000000)
  from space 24576K, 0% used [0x00000007be800000,0x00000007be800000,0x00000007c0000000)
  to   space 24576K, 0% used [0x00000007bd000000,0x00000007bd000000,0x00000007be800000)
 ParOldGen       total 2785280K, used 2784992K [0x00000006c1000000, 0x000000076b000000, 0x000000076b000000)
  object space 2785280K, 99% used [0x00000006c1000000,0x000000076afb82c8,0x000000076b000000)
 Metaspace       used 6039K, capacity 6160K, committed 6400K, reserved 1056768K
  class space    used 631K, capacity 692K, committed 768K, reserved 1048576K
}
Event: 356.080 GC heap before
{Heap before GC invocations=741 (full 517):
 PSYoungGen      total 1368064K, used 1343488K [0x000000076b000000, 0x00000007c0000000, 0x00000007c0000000)
  eden space 1343488K, 100% used [0x000000076b000000,0x00000007bd000000,0x00000007bd000000)
  from space 24576K, 0% used [0x00000007be800000,0x00000007be800000,0x00000007c0000000)
  to   space 24576K, 0% used [0x00000007bd000000,0x00000007bd000000,0x00000007be800000)
 ParOldGen       total 2785280K, used 2784992K [0x00000006c1000000, 0x000000076b000000, 0x000000076b000000)
  object space 2785280K, 99% used [0x00000006c1000000,0x000000076afb82c8,0x000000076b000000)
 Metaspace       used 6039K, capacity 6160K, committed 6400K, reserved 1056768K
  class space    used 631K, capacity 692K, committed 768K, reserved 1048576K

