# JRE version: Java(TM) SE Runtime Environment (8.0_161-b12) (build 1.8.0_161-b12)
# Java VM: Java HotSpot(TM) 64-Bit Server VM (25.161-b12 mixed mode windows-amd64 compressed oops)
Heap:
 PSYoungGen      total 997376K, used 639488K [0x000000076b000000, 0x00000007be880000, 0x00000007c0000000)
  eden space 639488K, 100% used [0x000000076b000000,0x0000000792080000,0x0000000792080000)
  from space 357888K, 0% used [0x0000000792080000,0x0000000792080000,0x00000007a7e00000)
  to   space 343040K, 0% used [0x00000007a9980000,0x00000007a9980000,0x00000007be880000)
 ParOldGen       total 2785280K, used 2785154K [0x00000006c1000000, 0x000000076b000000, 0x000000076b000000)
  object space 2785280K, 99% used [0x00000006c1000000,0x000000076afe0950,0x000000076b000000)
 Metaspace       used 6051K, capacity 6170K, committed 6400K, reserved 1056768K
  class space    used 634K, capacity 697K, committed 768K, reserved 1048576K
GC Heap History (10 events):
Event: 593.123 GC heap after
Heap after GC invocations=1466 (full 1205):
 PSYoungGen      total 997376K, used 639487K [0x000000076b000000, 0x00000007be880000, 0x00000007c0000000)
  eden space 639488K, 99% used [0x000000076b000000,0x000000079207fee0,0x0000000792080000)
  from space 357888K, 0% used [0x0000000792080000,0x0000000792080000,0x00000007a7e00000)
  to   space 343040K, 0% used [0x00000007a9980000,0x00000007a9980000,0x00000007be880000)
 ParOldGen       total 2785280K, used 2785154K [0x00000006c1000000, 0x000000076b000000, 0x000000076b000000)
  object space 2785280K, 99% used [0x00000006c1000000,0x000000076afe08e0,0x000000076b000000)
 Metaspace       used 6051K, capacity 6170K, committed 6400K, reserved 1056768K
  class space    used 634K, capacity 697K, committed 768K, reserved 1048576K
}
Event: 593.124 GC heap before
{Heap before GC invocations=1467 (full 1206):
 PSYoungGen      total 997376K, used 639488K [0x000000076b000000, 0x00000007be880000, 0x00000007c0000000)
  eden space 639488K, 100% used [0x000000076b000000,0x0000000792080000,0x0000000792080000)
  from space 357888K, 0% used [0x0000000792080000,0x0000000792080000,0x00000007a7e00000)
  to   space 343040K, 0% used [0x00000007a9980000,0x00000007a9980000,0x00000007be880000)
 ParOldGen       total 2785280K, used 2785154K [0x00000006c1000000, 0x000000076b000000, 0x000000076b000000)
  object space 2785280K, 99% used [0x00000006c1000000,0x000000076afe08e0,0x000000076b000000)
 Metaspace       used 6051K, capacity 6170K, committed 6400K, reserved 1056768K
  class space    used 634K, capacity 697K, committed 768K, reserved 1048576K
Event: 593.445 GC heap after
Heap after GC invocations=1467 (full 1206):
 PSYoungGen      total 997376K, used 639487K [0x000000076b000000, 0x00000007be880000, 0x00000007c0000000)
  eden space 639488K, 99% used [0x000000076b000000,0x000000079207ff50,0x0000000792080000)
  from space 357888K, 0% used [0x0000000792080000,0x0000000792080000,0x00000007a7e00000)
  to   space 343040K, 0% used [0x00000007a9980000,0x00000007a9980000,0x00000007be880000)
 ParOldGen       total 2785280K, used 2785154K [0x00000006c1000000, 0x000000076b000000, 0x000000076b000000)
  object space 2785280K, 99% used [0x00000006c1000000,0x000000076afe0888,0x000000076b000000)
 Metaspace       used 6051K, capacity 6170K, committed 6400K, reserved 1056768K
  class space    used 634K, capacity 697K, committed 768K, reserved 1048576K
}
Event: 593.446 GC heap before
{Heap before GC invocations=1468 (full 1207):
 PSYoungGen      total 997376K, used 639488K [0x000000076b000000, 0x00000007be880000, 0x00000007c0000000)
  eden space 639488K, 100% used [0x000000076b000000,0x0000000792080000,0x0000000792080000)
  from space 357888K, 0% used [0x0000000792080000,0x0000000792080000,0x00000007a7e00000)
  to   space 343040K, 0% used [0x00000007a9980000,0x00000007a9980000,0x00000007be880000)
 ParOldGen       total 2785280K, used 2785154K [0x00000006c1000000, 0x000000076b000000, 0x000000076b000000)
  object space 2785280K, 99% used [0x00000006c1000000,0x000000076afe0888,0x000000076b000000)
 Metaspace       used 6051K, capacity 6170K, committed 6400K, reserved 1056768K
  class space    used 634K, capacity 697K, committed 768K, reserved 1048576K
Event: 593.773 GC heap after
Heap after GC invocations=1468 (full 1207):
 PSYoungGen      total 997376K, used 639487K [0x000000076b000000, 0x00000007be880000, 0x00000007c0000000)
  eden space 639488K, 99% used [0x000000076b000000,0x000000079207fff0,0x0000000792080000)
  from space 357888K, 0% used [0x0000000792080000,0x0000000792080000,0x00000007a7e00000)
  to   space 343040K, 0% used [0x00000007a9980000,0x00000007a9980000,0x00000007be880000)
 ParOldGen       total 2785280K, used 2785154K [0x00000006c1000000, 0x000000076b000000, 0x000000076b000000)
  object space 2785280K, 99% used [0x00000006c1000000,0x000000076afe0888,0x000000076b000000)
 Metaspace       used 6051K, capacity 6170K, committed 6400K, reserved 1056768K
  class space    used 634K, capacity 697K, committed 768K, reserved 1048576K
}
Event: 593.773 GC heap before
{Heap before GC invocations=1469 (full 1208):
 PSYoungGen      total 997376K, used 639488K [0x000000076b000000, 0x00000007be880000, 0x00000007c0000000)
  eden space 639488K, 100% used [0x000000076b000000,0x0000000792080000,0x0000000792080000)
  from space 357888K, 0% used [0x0000000792080000,0x0000000792080000,0x00000007a7e00000)
  to   space 343040K, 0% used [0x00000007a9980000,0x00000007a9980000,0x00000007be880000)
 ParOldGen       total 2785280K, used 2785156K [0x00000006c1000000, 0x000000076b000000, 0x000000076b000000)
  object space 2785280K, 99% used [0x00000006c1000000,0x000000076afe1300,0x000000076b000000)
 Metaspace       used 6051K, capacity 6170K, committed 6400K, reserved 1056768K
  class space    used 634K, capacity 697K, committed 768K, reserved 1048576K
Event: 594.106 GC heap after
Heap after GC invocations=1469 (full 1208):
 PSYoungGen      total 997376K, used 639487K [0x000000076b000000, 0x00000007be880000, 0x00000007c0000000)
  eden space 639488K, 99% used [0x000000076b000000,0x000000079207fee0,0x0000000792080000)
  from space 357888K, 0% used [0x0000000792080000,0x0000000792080000,0x00000007a7e00000)
  to   space 343040K, 0% used [0x00000007a9980000,0x00000007a9980000,0x00000007be880000)
 ParOldGen       total 2785280K, used 2785154K [0x00000006c1000000, 0x000000076b000000, 0x000000076b000000)
  object space 2785280K, 99% used [0x00000006c1000000,0x000000076afe0a20,0x000000076b000000)
 Metaspace       used 6051K, capacity 6170K, committed 6400K, reserved 1056768K
  class space    used 634K, capacity 697K, committed 768K, reserved 1048576K
}
Event: 594.106 GC heap before
{Heap before GC invocations=1470 (full 1209):
 PSYoungGen      total 997376K, used 639488K [0x000000076b000000, 0x00000007be880000, 0x00000007c0000000)
  eden space 639488K, 100% used [0x000000076b000000,0x0000000792080000,0x0000000792080000)
  from space 357888K, 0% used [0x0000000792080000,0x0000000792080000,0x00000007a7e00000)
  to   space 343040K, 0% used [0x00000007a9980000,0x00000007a9980000,0x00000007be880000)
 ParOldGen       total 2785280K, used 2785154K [0x00000006c1000000, 0x000000076b000000, 0x000000076b000000)
  object space 2785280K, 99% used [0x00000006c1000000,0x000000076afe0a20,0x000000076b000000)
 Metaspace       used 6051K, capacity 6170K, committed 6400K, reserved 1056768K
  class space    used 634K, capacity 697K, committed 768K, reserved 1048576K
Event: 594.432 GC heap after
Heap after GC invocations=1470 (full 1209):
 PSYoungGen      total 997376K, used 639487K [0x000000076b000000, 0x00000007be880000, 0x00000007c0000000)
  eden space 639488K, 99% used [0x000000076b000000,0x000000079207fef8,0x0000000792080000)
  from space 357888K, 0% used [0x0000000792080000,0x0000000792080000,0x00000007a7e00000)
  to   space 343040K, 0% used [0x00000007a9980000,0x00000007a9980000,0x00000007be880000)
 ParOldGen       total 2785280K, used 2785154K [0x00000006c1000000, 0x000000076b000000, 0x000000076b000000)
  object space 2785280K, 99% used [0x00000006c1000000,0x000000076afe0950,0x000000076b000000)
 Metaspace       used 6051K, capacity 6170K, committed 6400K, reserved 1056768K
  class space    used 634K, capacity 697K, committed 768K, reserved 1048576K
}
Event: 594.432 GC heap before
{Heap before GC invocations=1471 (full 1210):
 PSYoungGen      total 997376K, used 639488K [0x000000076b000000, 0x00000007be880000, 0x00000007c0000000)
  eden space 639488K, 100% used [0x000000076b000000,0x0000000792080000,0x0000000792080000)
  from space 357888K, 0% used [0x0000000792080000,0x0000000792080000,0x00000007a7e00000)
  to   space 343040K, 0% used [0x00000007a9980000,0x00000007a9980000,0x00000007be880000)
 ParOldGen       total 2785280K, used 2785154K [0x00000006c1000000, 0x000000076b000000, 0x000000076b000000)
  object space 2785280K, 99% used [0x00000006c1000000,0x000000076afe0950,0x000000076b000000)
 Metaspace       used 6051K, capacity 6170K, committed 6400K, reserved 1056768K
  class space    used 634K, capacity 697K, committed 768K, reserved 1048576K

